#
# There is insufficient memory for the Java Runtime Environment to continue.
# Native memory allocation (malloc) failed to allocate 32784 bytes for Chunk::new
# Possible reasons:
#   The system is out of physical RAM or swap space
#   In 32 bit mode, the process size limit was hit
# Possible solutions:
#   Reduce memory load on the system
#   Increase physical memory or swap space
#   Check if swap backing store is full
#   Use 64 bit Java on a 64 bit OS
#   Decrease Java heap size (-Xmx/-Xms)
#   Decrease number of Java threads
#   Decrease Java thread stack sizes (-Xss)
#   Set larger code cache with -XX:ReservedCodeCacheSize=
# This output file may be truncated or incomplete.
#
#  Out of Memory Error (allocation.cpp:390), pid=7364, tid=0x0000000000002c80
#
# JRE version: Java(TM) SE Runtime Environment (8.0_102-b14) (build 1.8.0_102-b14)
# Java VM: Java HotSpot(TM) 64-Bit Server VM (25.102-b14 mixed mode windows-amd64 compressed oops)
# Failed to write core dump. Minidumps are not enabled by default on client versions of Windows
#

---------------  T H R E A D  ---------------

Current thread (0x000000001788c800):  JavaThread "C2 CompilerThread0" daemon [_thread_in_native, id=11392, stack(0x0000000018ed0000,0x0000000018fd0000)]

Stack: [0x0000000018ed0000,0x0000000018fd0000]
[error occurred during error reporting (printing stack bounds), id 0xc0000005]

Native frames: (J=compiled Java code, j=interpreted, Vv=VM code, C=native code)


Current CompileTask:
C2: 468931 1455       4       java.awt.EventQueue::postEvent (172 bytes)


---------------  P R O C E S S  ---------------

Java Threads: ( => current thread )
  0x000000001a042000 JavaThread "D3D Screen Updater" daemon [_thread_blocked, id=10592, stack(0x0000000021d60000,0x0000000021e60000)]
  0x0000000002ba0800 JavaThread "DestroyJavaVM" [_thread_blocked, id=4980, stack(0x0000000002aa0000,0x0000000002ba0000)]
  0x0000000019aa0800 JavaThread "AWT-EventQueue-0" [_thread_in_Java, id=5048, stack(0x0000000020c80000,0x0000000020d80000)]
  0x0000000019a9c800 JavaThread "AWT-Shutdown" [_thread_blocked, id=10956, stack(0x0000000020b80000,0x0000000020c80000)]
  0x0000000019ab2800 JavaThread "main-FPSAWTAnimator#00-Timer0" [_thread_blocked, id=8440, stack(0x0000000020a80000,0x0000000020b80000)]
  0x0000000019efc800 JavaThread "main-SharedResourceRunner" daemon [_thread_blocked, id=6236, stack(0x0000000020280000,0x0000000020380000)]
  0x0000000019598800 JavaThread "AWT-Windows" daemon [_thread_in_native, id=3080, stack(0x000000001a300000,0x000000001a400000)]
  0x0000000019943800 JavaThread "Java2D Disposer" daemon [_thread_blocked, id=10676, stack(0x000000001a100000,0x000000001a200000)]
  0x00000000191f8800 JavaThread "Service Thread" daemon [_thread_blocked, id=8360, stack(0x00000000195d0000,0x00000000196d0000)]
  0x0000000017895000 JavaThread "C1 CompilerThread2" daemon [_thread_blocked, id=12568, stack(0x00000000190d0000,0x00000000191d0000)]
  0x0000000017892000 JavaThread "C2 CompilerThread1" daemon [_thread_blocked, id=11680, stack(0x0000000018fd0000,0x00000000190d0000)]
=>0x000000001788c800 JavaThread "C2 CompilerThread0" daemon [_thread_in_native, id=11392, stack(0x0000000018ed0000,0x0000000018fd0000)]
  0x000000001788b800 JavaThread "Attach Listener" daemon [_thread_blocked, id=4056, stack(0x0000000018dd0000,0x0000000018ed0000)]
  0x000000001788a000 JavaThread "Signal Dispatcher" daemon [_thread_blocked, id=3248, stack(0x0000000018cd0000,0x0000000018dd0000)]
  0x000000001787a000 JavaThread "Finalizer" daemon [_thread_blocked, id=224, stack(0x0000000018ae0000,0x0000000018be0000)]
  0x0000000017858800 JavaThread "Reference Handler" daemon [_thread_blocked, id=10220, stack(0x00000000189e0000,0x0000000018ae0000)]

Other Threads:
  0x0000000017857800 VMThread [stack: 0x00000000188e0000,0x00000000189e0000] [id=1980]
  0x0000000019213800 WatcherThread [stack: 0x00000000196d0000,0x00000000197d0000] [id=5140]

VM state:not at safepoint (normal execution)

VM Mutex/Monitor currently owned by a thread: None

Heap:
 PSYoungGen      total 664064K, used 80076K [0x00000000d5700000, 0x0000000100000000, 0x0000000100000000)
  eden space 630784K, 7% used [0x00000000d5700000,0x00000000d882a588,0x00000000fbf00000)
  from space 33280K, 89% used [0x00000000fbf00000,0x00000000fdc08d68,0x00000000fdf80000)
  to   space 33280K, 0% used [0x00000000fdf80000,0x00000000fdf80000,0x0000000100000000)
 ParOldGen       total 144384K, used 37253K [0x0000000080400000, 0x0000000089100000, 0x00000000d5700000)
  object space 144384K, 25% used [0x0000000080400000,0x00000000828617e0,0x0000000089100000)
 Metaspace       used 16446K, capacity 16632K, committed 17024K, reserved 1064960K
  class space    used 1722K, capacity 1801K, committed 1920K, reserved 1048576K

Card table byte_map: [0x0000000012060000,0x0000000012460000] byte_map_base: 0x0000000011c5e000

Marking Bits: (ParMarkBitMap*) 0x000000006267a6c0
 Begin Bits: [0x0000000012b10000, 0x0000000014b00000)
 End Bits:   [0x0000000014b00000, 0x0000000016af0000)

Polling page: 0x0000000000df0000

CodeCache: size=245760Kb used=4827Kb max_used=5035Kb free=240932Kb
 bounds [0x0000000002ca0000, 0x00000000031c0000, 0x0000000011ca0000]
 total_blobs=2206 nmethods=1321 adapters=798
 compilation: enabled

Compilation events (10 events):
Event: 456.932 Thread 0x0000000017895000 nmethod 1450 0x0000000002f22010 code [0x0000000002f22200, 0x0000000002f22c38]
Event: 458.807 Thread 0x0000000017895000 1451   !   3       sun.awt.PostEventQueue::flush (168 bytes)
Event: 458.808 Thread 0x0000000017895000 nmethod 1451 0x0000000002fce710 code [0x0000000002fce960, 0x0000000002fcfa88]
Event: 459.062 Thread 0x000000001788c800 1452       4       java.security.AccessControlContext::<init> (63 bytes)
Event: 459.063 Thread 0x000000001788c800 nmethod 1452 0x0000000002f1d390 code [0x0000000002f1d4c0, 0x0000000002f1d578]
Event: 463.495 Thread 0x0000000017892000 1453       4       java.lang.Thread::isInterrupted (6 bytes)
Event: 463.495 Thread 0x0000000017892000 nmethod 1453 0x0000000002f50e50 code [0x0000000002f50fa0, 0x0000000002f51048]
Event: 468.460 Thread 0x0000000017895000 1454   !   3       java.awt.EventQueue::postEventPrivate (104 bytes)
Event: 468.460 Thread 0x0000000017895000 nmethod 1454 0x0000000002fd5790 code [0x0000000002fd59a0, 0x0000000002fd6248]
Event: 468.868 Thread 0x000000001788c800 1455       4       java.awt.EventQueue::postEvent (172 bytes)

GC Heap History (10 events):
Event: 455.977 GC heap before
{Heap before GC invocations=202 (full 3):
 PSYoungGen      total 667648K, used 664235K [0x00000000d5700000, 0x0000000100000000, 0x0000000100000000)
  eden space 638976K, 99% used [0x00000000d5700000,0x00000000fc560ac0,0x00000000fc700000)
  from space 28672K, 93% used [0x00000000fe400000,0x00000000ffe4a2c8,0x0000000100000000)
  to   space 29184K, 0% used [0x00000000fc700000,0x00000000fc700000,0x00000000fe380000)
 ParOldGen       total 144384K, used 33837K [0x0000000080400000, 0x0000000089100000, 0x00000000d5700000)
  object space 144384K, 23% used [0x0000000080400000,0x000000008250b7e0,0x0000000089100000)
 Metaspace       used 16398K, capacity 16568K, committed 17024K, reserved 1064960K
  class space    used 1721K, capacity 1801K, committed 1920K, reserved 1048576K
Event: 456.012 GC heap after
Heap after GC invocations=202 (full 3):
 PSYoungGen      total 668160K, used 26290K [0x00000000d5700000, 0x00000000fff80000, 0x0000000100000000)
  eden space 638976K, 0% used [0x00000000d5700000,0x00000000d5700000,0x00000000fc700000)
  from space 29184K, 90% used [0x00000000fc700000,0x00000000fe0ac970,0x00000000fe380000)
  to   space 28672K, 0% used [0x00000000fe380000,0x00000000fe380000,0x00000000fff80000)
 ParOldGen       total 144384K, used 33845K [0x0000000080400000, 0x0000000089100000, 0x00000000d5700000)
  object space 144384K, 23% used [0x0000000080400000,0x000000008250d7e0,0x0000000089100000)
 Metaspace       used 16398K, capacity 16568K, committed 17024K, reserved 1064960K
  class space    used 1721K, capacity 1801K, committed 1920K, reserved 1048576K
}
Event: 460.147 GC heap before
{Heap before GC invocations=203 (full 3):
 PSYoungGen      total 668160K, used 665266K [0x00000000d5700000, 0x00000000fff80000, 0x0000000100000000)
  eden space 638976K, 100% used [0x00000000d5700000,0x00000000fc700000,0x00000000fc700000)
  from space 29184K, 90% used [0x00000000fc700000,0x00000000fe0ac970,0x00000000fe380000)
  to   space 28672K, 0% used [0x00000000fe380000,0x00000000fe380000,0x00000000fff80000)
 ParOldGen       total 144384K, used 33845K [0x0000000080400000, 0x0000000089100000, 0x00000000d5700000)
  object space 144384K, 23% used [0x0000000080400000,0x000000008250d7e0,0x0000000089100000)
 Metaspace       used 16446K, capacity 16632K, committed 17024K, reserved 1064960K
  class space    used 1722K, capacity 1801K, committed 1920K, reserved 1048576K
Event: 460.161 GC heap after
Heap after GC invocations=203 (full 3):
 PSYoungGen      total 664576K, used 28643K [0x00000000d5700000, 0x0000000100000000, 0x0000000100000000)
  eden space 635904K, 0% used [0x00000000d5700000,0x00000000d5700000,0x00000000fc400000)
  from space 28672K, 99% used [0x00000000fe380000,0x00000000fff78d68,0x00000000fff80000)
  to   space 30720K, 0% used [0x00000000fc400000,0x00000000fc400000,0x00000000fe200000)
 ParOldGen       total 144384K, used 36981K [0x0000000080400000, 0x0000000089100000, 0x00000000d5700000)
  object space 144384K, 25% used [0x0000000080400000,0x000000008281d7e0,0x0000000089100000)
 Metaspace       used 16446K, capacity 16632K, committed 17024K, reserved 1064960K
  class space    used 1722K, capacity 1801K, committed 1920K, reserved 1048576K
}
Event: 464.111 GC heap before
{Heap before GC invocations=204 (full 3):
 PSYoungGen      total 664576K, used 664547K [0x00000000d5700000, 0x0000000100000000, 0x0000000100000000)
  eden space 635904K, 100% used [0x00000000d5700000,0x00000000fc400000,0x00000000fc400000)
  from space 28672K, 99% used [0x00000000fe380000,0x00000000fff78d68,0x00000000fff80000)
  to   space 30720K, 0% used [0x00000000fc400000,0x00000000fc400000,0x00000000fe200000)
 ParOldGen       total 144384K, used 36981K [0x0000000080400000, 0x0000000089100000, 0x00000000d5700000)
  object space 144384K, 25% used [0x0000000080400000,0x000000008281d7e0,0x0000000089100000)
 Metaspace       used 16446K, capacity 16632K, committed 17024K, reserved 1064960K
  class space    used 1722K, capacity 1801K, committed 1920K, reserved 1048576K
Event: 464.122 GC heap after
Heap after GC invocations=204 (full 3):
 PSYoungGen      total 665600K, used 29539K [0x00000000d5700000, 0x0000000100000000, 0x0000000100000000)
  eden space 635904K, 0% used [0x00000000d5700000,0x00000000d5700000,0x00000000fc400000)
  from space 29696K, 99% used [0x00000000fc400000,0x00000000fe0d8d68,0x00000000fe100000)
  to   space 31744K, 0% used [0x00000000fe100000,0x00000000fe100000,0x0000000100000000)
 ParOldGen       total 144384K, used 36981K [0x0000000080400000, 0x0000000089100000, 0x00000000d5700000)
  object space 144384K, 25% used [0x0000000080400000,0x000000008281d7e0,0x0000000089100000)
 Metaspace       used 16446K, capacity 16632K, committed 17024K, reserved 1064960K
  class space    used 1722K, capacity 1801K, committed 1920K, reserved 1048576K
}
Event: 466.558 GC heap before
{Heap before GC invocations=205 (full 3):
 PSYoungGen      total 665600K, used 665443K [0x00000000d5700000, 0x0000000100000000, 0x0000000100000000)
  eden space 635904K, 100% used [0x00000000d5700000,0x00000000fc400000,0x00000000fc400000)
  from space 29696K, 99% used [0x00000000fc400000,0x00000000fe0d8d68,0x00000000fe100000)
  to   space 31744K, 0% used [0x00000000fe100000,0x00000000fe100000,0x0000000100000000)
 ParOldGen       total 144384K, used 36981K [0x0000000080400000, 0x0000000089100000, 0x00000000d5700000)
  object space 144384K, 25% used [0x0000000080400000,0x000000008281d7e0,0x0000000089100000)
 Metaspace       used 16446K, capacity 16632K, committed 17024K, reserved 1064960K
  class space    used 1722K, capacity 1801K, committed 1920K, reserved 1048576K
Event: 466.571 GC heap after
Heap after GC invocations=205 (full 3):
 PSYoungGen      total 662528K, used 31725K [0x00000000d5700000, 0x0000000100000000, 0x0000000100000000)
  eden space 630784K, 0% used [0x00000000d5700000,0x00000000d5700000,0x00000000fbf00000)
  from space 31744K, 99% used [0x00000000fe100000,0x00000000ffffb6f8,0x0000000100000000)
  to   space 33280K, 0% used [0x00000000fbf00000,0x00000000fbf00000,0x00000000fdf80000)
 ParOldGen       total 144384K, used 37253K [0x0000000080400000, 0x0000000089100000, 0x00000000d5700000)
  object space 144384K, 25% used [0x0000000080400000,0x00000000828617e0,0x0000000089100000)
 Metaspace       used 16446K, capacity 16632K, committed 17024K, reserved 1064960K
  class space    used 1722K, capacity 1801K, committed 1920K, reserved 1048576K
}
Event: 468.722 GC heap before
{Heap before GC invocations=206 (full 3):
 PSYoungGen      total 662528K, used 662509K [0x00000000d5700000, 0x0000000100000000, 0x0000000100000000)
  eden space 630784K, 100% used [0x00000000d5700000,0x00000000fbf00000,0x00000000fbf00000)
  from space 31744K, 99% used [0x00000000fe100000,0x00000000ffffb6f8,0x0000000100000000)
  to   space 33280K, 0% used [0x00000000fbf00000,0x00000000fbf00000,0x00000000fdf80000)
 ParOldGen       total 144384K, used 37253K [0x0000000080400000, 0x0000000089100000, 0x00000000d5700000)
  object space 144384K, 25% used [0x0000000080400000,0x00000000828617e0,0x0000000089100000)
 Metaspace       used 16446K, capacity 16632K, committed 17024K, reserved 1064960K
  class space    used 1722K, capacity 1801K, committed 1920K, reserved 1048576K
Event: 468.734 GC heap after
Heap after GC invocations=206 (full 3):
 PSYoungGen      total 664064K, used 29731K [0x00000000d5700000, 0x0000000100000000, 0x0000000100000000)
  eden space 630784K, 0% used [0x00000000d5700000,0x00000000d5700000,0x00000000fbf00000)
  from space 33280K, 89% used [0x00000000fbf00000,0x00000000fdc08d68,0x00000000fdf80000)
  to   space 33280K, 0% used [0x00000000fdf80000,0x00000000fdf80000,0x0000000100000000)
 ParOldGen       total 144384K, used 37253K [0x0000000080400000, 0x0000000089100000, 0x00000000d5700000)
  object space 144384K, 25% used [0x0000000080400000,0x00000000828617e0,0x0000000089100000)
 Metaspace       used 16446K, capacity 16632K, committed 17024K, reserved 1064960K
  class space    used 1722K, capacity 1801K, committed 1920K, reserved 1048576K
}

Deoptimization events (6 events):
Event: 0.428 Thread 0x0000000002ba0800 Uncommon trap: reason=unstable_if action=reinterpret pc=0x0000000002e4a7e8 method=java.lang.String.indexOf([CII[CIII)I @ 3
Event: 1.762 Thread 0x0000000002ba0800 Uncommon trap: reason=unstable_if action=reinterpret pc=0x0000000002f5121c method=java.util.HashMap.containsKey(Ljava/lang/Object;)Z @ 9
Event: 1.778 Thread 0x0000000002ba0800 Uncommon trap: reason=unstable_if action=reinterpret pc=0x0000000002f4e1f4 method=java.lang.reflect.AccessibleObject.setAccessible0(Ljava/lang/reflect/AccessibleObject;Z)V @ 4
Event: 455.691 Thread 0x0000000019ab2800 Uncommon trap: reason=unstable_if action=reinterpret pc=0x0000000003184068 method=java.awt.EventQueue.getPriority(Ljava/awt/AWTEvent;)I @ 71
Event: 455.692 Thread 0x0000000019ab2800 Uncommon trap: reason=unstable_if action=reinterpret pc=0x0000000002f351a8 method=java.awt.EventQueue.getPriority(Ljava/awt/AWTEvent;)I @ 71
Event: 456.300 Thread 0x0000000019aa0800 Uncommon trap: reason=unstable_if action=reinterpret pc=0x000000000308d450 method=java.util.IdentityHashMap.isEmpty()Z @ 4

Internal exceptions (10 events):
Event: 0.027 Thread 0x0000000002ba0800 Exception <a 'java/lang/NoSuchMethodError': Method sun.misc.Unsafe.prefetchRead(Ljava/lang/Object;J)V name or signature does not match> (0x00000000d5707f60) thrown at [C:\re\workspace\8-2-build-windows-amd64-cygwin\jdk8u102\7268\hotspot\src\share\vm\prims\ιδ,†¤Έ?
Event: 0.096 Thread 0x0000000002ba0800 Exception <a 'java/security/PrivilegedActionException'> (0x00000000d5894828) thrown at [C:\re\workspace\8-2-build-windows-amd64-cygwin\jdk8u102\7268\hotspot\src\share\vm\prims\jvm.cpp, line 1386]
Event: 0.096 Thread 0x0000000002ba0800 Exception <a 'java/security/PrivilegedActionException'> (0x00000000d5894a38) thrown at [C:\re\workspace\8-2-build-windows-amd64-cygwin\jdk8u102\7268\hotspot\src\share\vm\prims\jvm.cpp, line 1386]
Event: 0.097 Thread 0x0000000002ba0800 Exception <a 'java/security/PrivilegedActionException'> (0x00000000d5898680) thrown at [C:\re\workspace\8-2-build-windows-amd64-cygwin\jdk8u102\7268\hotspot\src\share\vm\prims\jvm.cpp, line 1386]
Event: 0.097 Thread 0x0000000002ba0800 Exception <a 'java/security/PrivilegedActionException'> (0x00000000d5898890) thrown at [C:\re\workspace\8-2-build-windows-amd64-cygwin\jdk8u102\7268\hotspot\src\share\vm\prims\jvm.cpp, line 1386]
Event: 0.105 Thread 0x0000000002ba0800 Exception <a 'java/io/FileNotFoundException'> (0x00000000d589e8f8) thrown at [C:\re\workspace\8-2-build-windows-amd64-cygwin\jdk8u102\7268\hotspot\src\share\vm\prims\jni.cpp, line 709]
Event: 0.135 Thread 0x0000000002ba0800 Exception <a 'java/lang/NoSuchFieldError': method resolution failed> (0x00000000d596c4b8) thrown at [C:\re\workspace\8-2-build-windows-amd64-cygwin\jdk8u102\7268\hotspot\src\share\vm\prims\methodHandles.cpp, line 1146]
Event: 0.137 Thread 0x0000000002ba0800 Exception <a 'java/lang/NoSuchFieldError': method resolution failed> (0x00000000d5979888) thrown at [C:\re\workspace\8-2-build-windows-amd64-cygwin\jdk8u102\7268\hotspot\src\share\vm\prims\methodHandles.cpp, line 1146]
Event: 0.170 Thread 0x0000000002ba0800 Exception <a 'java/io/FileNotFoundException'> (0x00000000d5a0e228) thrown at [C:\re\workspace\8-2-build-windows-amd64-cygwin\jdk8u102\7268\hotspot\src\share\vm\prims\jni.cpp, line 709]
Event: 1.828 Thread 0x0000000002ba0800 Exception <a 'java/lang/reflect/InvocationTargetException'> (0x00000000d75cd830) thrown at [C:\re\workspace\8-2-build-windows-amd64-cygwin\jdk8u102\7268\hotspot\src\share\vm\runtime\reflection.cpp, line 1092]

Events (10 events):
Event: 459.061 loading class java/security/DomainCombiner
Event: 459.062 loading class java/security/DomainCombiner done
Event: 460.147 Executing VM operation: ParallelGCFailedAllocation
Event: 460.161 Executing VM operation: ParallelGCFailedAllocation done
Event: 464.111 Executing VM operation: ParallelGCFailedAllocation
Event: 464.122 Executing VM operation: ParallelGCFailedAllocation done
Event: 466.558 Executing VM operation: ParallelGCFailedAllocation
Event: 466.571 Executing VM operation: ParallelGCFailedAllocation done
Event: 468.722 Executing VM operation: ParallelGCFailedAllocation
Event: 468.734 Executing VM operation: ParallelGCFailedAllocation done


Dynamic libraries:
0x00007ff6c1100000 - 0x00007ff6c1137000 	C:\ProgramData\Oracle\Java\javapath\java.exe
0x00007ffe77eb0000 - 0x00007ffe78081000 	C:\WINDOWS\SYSTEM32\ntdll.dll
0x00007ffe774c0000 - 0x00007ffe7756b000 	C:\WINDOWS\System32\KERNEL32.DLL
0x00007ffe74b70000 - 0x00007ffe74d8d000 	C:\WINDOWS\System32\KERNELBASE.dll
0x00007ffe77bf0000 - 0x00007ffe77c92000 	C:\WINDOWS\System32\ADVAPI32.dll
0x00007ffe778d0000 - 0x00007ffe7796e000 	C:\WINDOWS\System32\msvcrt.dll
0x00007ffe75b20000 - 0x00007ffe75b79000 	C:\WINDOWS\System32\sechost.dll
0x00007ffe777a0000 - 0x00007ffe778c1000 	C:\WINDOWS\System32\RPCRT4.dll
0x00007ffe77d40000 - 0x00007ffe77ea5000 	C:\WINDOWS\System32\USER32.dll
0x00007ffe75310000 - 0x00007ffe7532e000 	C:\WINDOWS\System32\win32u.dll
0x00007ffe754d0000 - 0x00007ffe75504000 	C:\WINDOWS\System32\GDI32.dll
0x00007ffe75180000 - 0x00007ffe75302000 	C:\WINDOWS\System32\gdi32full.dll
0x00007ffe6a290000 - 0x00007ffe6a509000 	C:\WINDOWS\WinSxS\amd64_microsoft.windows.common-controls_6595b64144ccf1df_6.0.14393.447_none_42191651c6827bb3\COMCTL32.dll
0x00007ffe771f0000 - 0x00007ffe774b7000 	C:\WINDOWS\System32\combase.dll
0x00007ffe74d90000 - 0x00007ffe74e85000 	C:\WINDOWS\System32\ucrtbase.dll
0x00007ffe74e90000 - 0x00007ffe74efa000 	C:\WINDOWS\System32\bcryptPrimitives.dll
0x00007ffe756b0000 - 0x00007ffe756de000 	C:\WINDOWS\System32\IMM32.DLL
0x00000000643d0000 - 0x00000000644a1000 	C:\Program Files\Java\jre1.8.0_102\bin\msvcr100.dll
0x0000000061e60000 - 0x00000000626fa000 	C:\Program Files\Java\jre1.8.0_102\bin\server\jvm.dll
0x00007ffe779e0000 - 0x00007ffe779e8000 	C:\WINDOWS\System32\PSAPI.DLL
0x00007ffe72450000 - 0x00007ffe72473000 	C:\WINDOWS\SYSTEM32\WINMM.dll
0x00007ffe70400000 - 0x00007ffe7040a000 	C:\WINDOWS\SYSTEM32\VERSION.dll
0x00007ffe697f0000 - 0x00007ffe697f9000 	C:\WINDOWS\SYSTEM32\WSOCK32.dll
0x00007ffe75460000 - 0x00007ffe754ca000 	C:\WINDOWS\System32\WS2_32.dll
0x0000000001250000 - 0x000000000127b000 	C:\WINDOWS\SYSTEM32\WINMMBASE.dll
0x00007ffe74a80000 - 0x00007ffe74ac2000 	C:\WINDOWS\System32\cfgmgr32.dll
0x0000000064830000 - 0x000000006483f000 	C:\Program Files\Java\jre1.8.0_102\bin\verify.dll
0x0000000064800000 - 0x0000000064829000 	C:\Program Files\Java\jre1.8.0_102\bin\java.dll
0x00000000647e0000 - 0x00000000647f6000 	C:\Program Files\Java\jre1.8.0_102\bin\zip.dll
0x00007ffe75c80000 - 0x00007ffe77189000 	C:\WINDOWS\System32\SHELL32.dll
0x00007ffe743a0000 - 0x00007ffe74a7a000 	C:\WINDOWS\System32\windows.storage.dll
0x00007ffe74310000 - 0x00007ffe7435c000 	C:\WINDOWS\System32\powrprof.dll
0x00007ffe77740000 - 0x00007ffe77792000 	C:\WINDOWS\System32\shlwapi.dll
0x00007ffe74390000 - 0x00007ffe7439f000 	C:\WINDOWS\System32\kernel.appcore.dll
0x00007ffe74f00000 - 0x00007ffe74fa9000 	C:\WINDOWS\System32\shcore.dll
0x00007ffe74370000 - 0x00007ffe74384000 	C:\WINDOWS\System32\profapi.dll
0x0000000063ef0000 - 0x0000000064088000 	C:\Program Files\Java\jre1.8.0_102\bin\awt.dll
0x00007ffe77b30000 - 0x00007ffe77bef000 	C:\WINDOWS\System32\OLEAUT32.dll
0x00007ffe74ad0000 - 0x00007ffe74b6c000 	C:\WINDOWS\System32\msvcp_win.dll
0x00007ffe728c0000 - 0x00007ffe7293a000 	C:\WINDOWS\SYSTEM32\apphelp.dll
0x00007ffe71f90000 - 0x00007ffe71fb6000 	C:\WINDOWS\system32\DWMAPI.DLL
0x00007ffe72aa0000 - 0x00007ffe72b35000 	C:\WINDOWS\system32\uxtheme.dll
0x00007ffe775d0000 - 0x00007ffe7772b000 	C:\WINDOWS\System32\MSCTF.dll
0x00007ffe779f0000 - 0x00007ffe77b27000 	C:\WINDOWS\System32\ole32.dll
0x00007ffe5c390000 - 0x00007ffe5c51d000 	C:\WINDOWS\system32\d3d9.dll
0x00007ffe4ac30000 - 0x00007ffe4bcec000 	C:\WINDOWS\System32\DriverStore\FileRepository\nv_dispi.inf_amd64_410e5247be0e5f00\nvd3dumx.dll
0x00007ffe62580000 - 0x00007ffe6274b000 	C:\WINDOWS\system32\nvspcap64.dll
0x00007ffe756f0000 - 0x00007ffe75b19000 	C:\WINDOWS\System32\SETUPAPI.dll
0x00007ffe6d4a0000 - 0x00007ffe6d56d000 	C:\WINDOWS\SYSTEM32\WINHTTP.dll
0x00007ffe71990000 - 0x00007ffe719a3000 	C:\WINDOWS\SYSTEM32\WTSAPI32.dll
0x00007ffe4fe10000 - 0x00007ffe5020b000 	C:\WINDOWS\system32\nvapi64.dll
0x00007ffe732a0000 - 0x00007ffe7333f000 	C:\WINDOWS\SYSTEM32\dxgi.dll
0x00007ffe554e0000 - 0x00007ffe555c6000 	C:\Program Files (x86)\NVIDIA Corporation\3D Vision\nvSCPAPI64.dll
0x00007ffe73de0000 - 0x00007ffe73df7000 	C:\WINDOWS\SYSTEM32\CRYPTSP.dll
0x00007ffe73cf0000 - 0x00007ffe73d23000 	C:\WINDOWS\system32\rsaenh.dll
0x00007ffe73ef0000 - 0x00007ffe73f1b000 	C:\WINDOWS\SYSTEM32\bcrypt.dll
0x00007ffe73970000 - 0x00007ffe7398f000 	C:\WINDOWS\SYSTEM32\USERENV.dll
0x00007ffe73e00000 - 0x00007ffe73e0b000 	C:\WINDOWS\SYSTEM32\CRYPTBASE.dll
0x00000000647c0000 - 0x00000000647da000 	C:\Program Files\Java\jre1.8.0_102\bin\net.dll
0x00007ffe73af0000 - 0x00007ffe73b4c000 	C:\WINDOWS\system32\mswsock.dll
0x00007ffe73880000 - 0x00007ffe738b8000 	C:\WINDOWS\SYSTEM32\IPHLPAPI.DLL
0x00007ffe756e0000 - 0x00007ffe756e8000 	C:\WINDOWS\System32\NSI.dll
0x00007ffe6dd20000 - 0x00007ffe6dd36000 	C:\WINDOWS\SYSTEM32\dhcpcsvc6.DLL
0x00007ffe70490000 - 0x00007ffe704aa000 	C:\WINDOWS\SYSTEM32\dhcpcsvc.DLL
0x00000000647a0000 - 0x00000000647b1000 	C:\Program Files\Java\jre1.8.0_102\bin\nio.dll
0x00000000637c0000 - 0x00000000637cd000 	C:\Users\Adam\AppData\Local\Temp\jogamp_0000\file_cache\jln8322322256353403554\jln8270801976684834391\natives\windows-amd64\gluegen-rt.dll
0x0000000063ee0000 - 0x0000000063ee7000 	C:\Program Files\Java\jre1.8.0_102\bin\jawt.dll
0x000000006a440000 - 0x000000006a44d000 	C:\Users\Adam\AppData\Local\Temp\jogamp_0000\file_cache\jln8322322256353403554\jln8270801976684834391\natives\windows-amd64\nativewindow_awt.dll
0x000000006c100000 - 0x000000006c10f000 	C:\Users\Adam\AppData\Local\Temp\jogamp_0000\file_cache\jln8322322256353403554\jln8270801976684834391\natives\windows-amd64\nativewindow_win32.dll
0x00007ffe5b260000 - 0x00007ffe5b383000 	C:\WINDOWS\SYSTEM32\OpenGL32.dll
0x00007ffe6efd0000 - 0x00007ffe6effd000 	C:\WINDOWS\SYSTEM32\GLU32.dll
0x00007ffe655b0000 - 0x00007ffe656a7000 	C:\WINDOWS\SYSTEM32\DDRAW.dll
0x00007ffe727d0000 - 0x00007ffe727d8000 	C:\WINDOWS\SYSTEM32\DCIMAN32.dll
0x0000000064500000 - 0x00000000645b1000 	C:\Users\Adam\AppData\Local\Temp\jogamp_0000\file_cache\jln8322322256353403554\jln8270801976684834391\natives\windows-amd64\jogl_desktop.dll
0x0000000064340000 - 0x00000000643a2000 	C:\Users\Adam\AppData\Local\Temp\jogamp_0000\file_cache\jln8322322256353403554\jln8270801976684834391\natives\windows-amd64\jogl_mobile.dll
0x000000005fd10000 - 0x0000000061e60000 	C:\WINDOWS\SYSTEM32\nvoglv64.DLL
0x00007ffe72f40000 - 0x00007ffe72f68000 	C:\WINDOWS\SYSTEM32\DEVOBJ.dll
0x00007ffe75330000 - 0x00007ffe75385000 	C:\WINDOWS\System32\WINTRUST.dll
0x00007ffe74360000 - 0x00007ffe74370000 	C:\WINDOWS\System32\MSASN1.dll
0x00007ffe74fb0000 - 0x00007ffe75179000 	C:\WINDOWS\System32\CRYPT32.dll
0x00007ffe73720000 - 0x00007ffe73752000 	C:\WINDOWS\SYSTEM32\ntmarta.dll
0x00007ffe73480000 - 0x00007ffe734d6000 	C:\WINDOWS\SYSTEM32\WINSTA.dll
0x0000000063e90000 - 0x0000000063ed7000 	C:\Program Files\Java\jre1.8.0_102\bin\fontmanager.dll
0x0000000063e40000 - 0x0000000063e82000 	C:\Program Files\Java\jre1.8.0_102\bin\t2k.dll

VM Arguments:
java_command: Main
java_class_path (initial): .;.;C:\Program Files\Java\jdk1.8.0_102\bin;C:\jogl2\jar\jogl-all.jar;C:\jogl2\jar\gluegen-rt.jar
Launcher Type: SUN_STANDARD

Environment Variables:
JAVA_HOME=C:\Program Files\Java\jdk1.8.0_102
JRE_HOME=C:\Program Files\Java\jre1.8.0_102
CLASSPATH=.;.;C:\Program Files\Java\jdk1.8.0_102\bin;C:\jogl2\jar\jogl-all.jar;C:\jogl2\jar\gluegen-rt.jar
PATH=C:\ProgramData\Oracle\Java\javapath;C:\Program Files (x86)\Razer Chroma SDK\bin;C:\Program Files\Razer Chroma SDK\bin;C:\Windows\system32;C:\Windows;C:\Windows\System32\Wbem;C:\Windows\System32\WindowsPowerShell\v1.0\;C:\Program Files (x86)\NVIDIA Corporation\PhysX\Common;C:\Program Files (x86)\PharosSystems\Core;C:\WINDOWS\system32;C:\WINDOWS;C:\WINDOWS\System32\Wbem;C:\WINDOWS\System32\WindowsPowerShell\v1.0\;C:\Users\Adam\Anaconda;C:\Users\Adam\Anaconda\Scripts;C:\Users\Adam\AppData\Roaming\cabal\bin;C:\Program Files (x86)\Skype\Phone\;C:\WINDOWS\system32;C:\WINDOWS;C:\WINDOWS\System32\Wbem;C:\WINDOWS\System32\WindowsPowerShell\v1.0\;C:\Anaconda3;C:\Anaconda3\Scripts;C:\Anaconda3\Library\bin;C:\Program Files\Git\cmd;C:\Program Files\Git\mingw64\bin;C:\Program Files\Git\usr\bin;C:\Program Files\Java\jdk1.8.0_102\bin;C:\Users\Adam\AppData\Local\Microsoft\WindowsApps;C:\jogl2\lib
USERNAME=Adam
OS=Windows_NT
PROCESSOR_IDENTIFIER=Intel64 Family 6 Model 42 Stepping 7, GenuineIntel



---------------  S Y S T E M  ---------------

OS: Windows 10.0 , 64 bit Build 14393 (10.0.14393.0)

CPU:total 4 (4 cores per cpu, 1 threads per core) family 6 model 42 stepping 7, cmov, cx8, fxsr, mmx, sse, sse2, sse3, ssse3, sse4.1, sse4.2, popcnt, avx, aes, clmul, tsc, tscinvbit

Memory: 4k page, physical 8368620k(3575724k free), swap 22963304k(3520k free)

vm_info: Java HotSpot(TM) 64-Bit Server VM (25.102-b14) for windows-amd64 JRE (1.8.0_102-b14), built on Jun 22 2016 13:15:21 by "java_re" with MS VC++ 10.0 (VS2010)

time: Fri Nov 25 12:48:29 2016
elapsed time: 468 seconds (0d 0h 7m 48s)

